# JRE version: OpenJDK Runtime Environment (11.0.11+9) (build 11.0.11+9-b60-7590822)
# Java VM: OpenJDK 64-Bit Server VM (11.0.11+9-b60-7590822, mixed mode, tiered, compressed oops, g1 gc, windows-amd64)
Heap:
 garbage-first heap   total 194560K, used 104048K [0x00000000a0000000, 0x0000000100000000)
  region size 1024K, 20 young (20480K), 10 survivors (10240K)
 Metaspace       used 97394K, capacity 100211K, committed 100352K, reserved 1136640K
  class space    used 12807K, capacity 13820K, committed 13824K, reserved 1048576K
GC Heap History (20 events):
Event: 8.618 GC heap before
{Heap before GC invocations=8 (full 0):
 garbage-first heap   total 194560K, used 128085K [0x00000000a0000000, 0x0000000100000000)
  region size 1024K, 109 young (111616K), 12 survivors (12288K)
 Metaspace       used 49171K, capacity 50399K, committed 50560K, reserved 1093632K
  class space    used 6302K, capacity 6781K, committed 6784K, reserved 1048576K
}
Event: 8.629 GC heap after
{Heap after GC invocations=9 (full 0):
 garbage-first heap   total 194560K, used 33262K [0x00000000a0000000, 0x0000000100000000)
  region size 1024K, 11 young (11264K), 11 survivors (11264K)
 Metaspace       used 49171K, capacity 50399K, committed 50560K, reserved 1093632K
  class space    used 6302K, capacity 6781K, committed 6784K, reserved 1048576K
}
Event: 9.940 GC heap before
{Heap before GC invocations=9 (full 0):
 garbage-first heap   total 194560K, used 141806K [0x00000000a0000000, 0x0000000100000000)
  region size 1024K, 110 young (112640K), 11 survivors (11264K)
 Metaspace       used 52888K, capacity 54278K, committed 54528K, reserved 1095680K
  class space    used 6853K, capacity 7370K, committed 7424K, reserved 1048576K
}
Event: 9.953 GC heap after
{Heap after GC invocations=10 (full 0):
 garbage-first heap   total 194560K, used 50878K [0x00000000a0000000, 0x0000000100000000)
  region size 1024K, 14 young (14336K), 14 survivors (14336K)
 Metaspace       used 52888K, capacity 54278K, committed 54528K, reserved 1095680K
  class space    used 6853K, capacity 7370K, committed 7424K, reserved 1048576K
}
Event: 10.710 GC heap before
{Heap before GC invocations=10 (full 0):
 garbage-first heap   total 194560K, used 116414K [0x00000000a0000000, 0x0000000100000000)
  region size 1024K, 79 young (80896K), 14 survivors (14336K)
 Metaspace       used 58598K, capacity 60197K, committed 60288K, reserved 1101824K
  class space    used 7546K, capacity 8145K, committed 8192K, reserved 1048576K
}
Event: 10.725 GC heap after
{Heap after GC invocations=11 (full 0):
 garbage-first heap   total 194560K, used 54537K [0x00000000a0000000, 0x0000000100000000)
  region size 1024K, 4 young (4096K), 4 survivors (4096K)
 Metaspace       used 58598K, capacity 60197K, committed 60288K, reserved 1101824K
  class space    used 7546K, capacity 8145K, committed 8192K, reserved 1048576K
}
Event: 11.769 GC heap before
{Heap before GC invocations=12 (full 0):
 garbage-first heap   total 194560K, used 139529K [0x00000000a0000000, 0x0000000100000000)
  region size 1024K, 88 young (90112K), 4 survivors (4096K)
 Metaspace       used 68905K, capacity 70736K, committed 70912K, reserved 1110016K
  class space    used 8781K, capacity 9453K, committed 9472K, reserved 1048576K
}
Event: 11.778 GC heap after
{Heap after GC invocations=13 (full 0):
 garbage-first heap   total 194560K, used 58315K [0x00000000a0000000, 0x0000000100000000)
  region size 1024K, 8 young (8192K), 8 survivors (8192K)
 Metaspace       used 68905K, capacity 70736K, committed 70912K, reserved 1110016K
  class space    used 8781K, capacity 9453K, committed 9472K, reserved 1048576K
}
Event: 12.940 GC heap before
{Heap before GC invocations=14 (full 0):
 garbage-first heap   total 194560K, used 144331K [0x00000000a0000000, 0x0000000100000000)
  region size 1024K, 92 young (94208K), 8 survivors (8192K)
 Metaspace       used 74547K, capacity 76508K, committed 76800K, reserved 1116160K
  class space    used 9474K, capacity 10163K, committed 10240K, reserved 1048576K
}
Event: 12.950 GC heap after
{Heap after GC invocations=15 (full 0):
 garbage-first heap   total 194560K, used 62515K [0x00000000a0000000, 0x0000000100000000)
  region size 1024K, 9 young (9216K), 9 survivors (9216K)
 Metaspace       used 74547K, capacity 76508K, committed 76800K, reserved 1116160K
  class space    used 9474K, capacity 10163K, committed 10240K, reserved 1048576K
}
Event: 13.751 GC heap before
{Heap before GC invocations=15 (full 0):
 garbage-first heap   total 194560K, used 150579K [0x00000000a0000000, 0x0000000100000000)
  region size 1024K, 93 young (95232K), 9 survivors (9216K)
 Metaspace       used 76306K, capacity 78470K, committed 78720K, reserved 1118208K
  class space    used 9789K, capacity 10560K, committed 10624K, reserved 1048576K
}
Event: 13.767 GC heap after
{Heap after GC invocations=16 (full 0):
 garbage-first heap   total 194560K, used 72488K [0x00000000a0000000, 0x0000000100000000)
  region size 1024K, 12 young (12288K), 12 survivors (12288K)
 Metaspace       used 76306K, capacity 78470K, committed 78720K, reserved 1118208K
  class space    used 9789K, capacity 10560K, committed 10624K, reserved 1048576K
}
Event: 14.602 GC heap before
{Heap before GC invocations=16 (full 0):
 garbage-first heap   total 194560K, used 152360K [0x00000000a0000000, 0x0000000100000000)
  region size 1024K, 90 young (92160K), 12 survivors (12288K)
 Metaspace       used 80357K, capacity 82694K, committed 82944K, reserved 1120256K
  class space    used 10399K, capacity 11240K, committed 11264K, reserved 1048576K
}
Event: 14.614 GC heap after
{Heap after GC invocations=17 (full 0):
 garbage-first heap   total 194560K, used 76794K [0x00000000a0000000, 0x0000000100000000)
  region size 1024K, 6 young (6144K), 6 survivors (6144K)
 Metaspace       used 80357K, capacity 82694K, committed 82944K, reserved 1120256K
  class space    used 10399K, capacity 11240K, committed 11264K, reserved 1048576K
}
Event: 15.473 GC heap before
{Heap before GC invocations=17 (full 0):
 garbage-first heap   total 194560K, used 153594K [0x00000000a0000000, 0x0000000100000000)
  region size 1024K, 81 young (82944K), 6 survivors (6144K)
 Metaspace       used 84679K, capacity 87089K, committed 87296K, reserved 1124352K
  class space    used 11103K, capacity 11945K, committed 12032K, reserved 1048576K
}
Event: 15.483 GC heap after
{Heap after GC invocations=18 (full 0):
 garbage-first heap   total 194560K, used 82561K [0x00000000a0000000, 0x0000000100000000)
  region size 1024K, 11 young (11264K), 11 survivors (11264K)
 Metaspace       used 84679K, capacity 87089K, committed 87296K, reserved 1124352K
  class space    used 11103K, capacity 11945K, committed 12032K, reserved 1048576K
}
Event: 16.822 GC heap before
{Heap before GC invocations=18 (full 0):
 garbage-first heap   total 194560K, used 156289K [0x00000000a0000000, 0x0000000100000000)
  region size 1024K, 83 young (84992K), 11 survivors (11264K)
 Metaspace       used 91760K, capacity 94310K, committed 94592K, reserved 1130496K
  class space    used 12110K, capacity 13064K, committed 13184K, reserved 1048576K
}
Event: 16.836 GC heap after
{Heap after GC invocations=19 (full 0):
 garbage-first heap   total 194560K, used 87562K [0x00000000a0000000, 0x0000000100000000)
  region size 1024K, 6 young (6144K), 6 survivors (6144K)
 Metaspace       used 91760K, capacity 94310K, committed 94592K, reserved 1130496K
  class space    used 12110K, capacity 13064K, committed 13184K, reserved 1048576K
}
Event: 18.406 GC heap before
{Heap before GC invocations=19 (full 0):
 garbage-first heap   total 194560K, used 157194K [0x00000000a0000000, 0x0000000100000000)
  region size 1024K, 75 young (76800K), 6 survivors (6144K)
 Metaspace       used 96771K, capacity 99472K, committed 99712K, reserved 1134592K
  class space    used 12695K, capacity 13655K, committed 13696K, reserved 1048576K
}
Event: 18.417 GC heap after
{Heap after GC invocations=20 (full 0):
 garbage-first heap   total 194560K, used 94832K [0x00000000a0000000, 0x0000000100000000)
  region size 1024K, 10 young (10240K), 10 survivors (10240K)
 Metaspace       used 96771K, capacity 99472K, committed 99712K, reserved 1134592K
  class space    used 12695K, capacity 13655K, committed 13696K, reserved 1048576K
}

