# JRE version: OpenJDK Runtime Environment (11.0.11+9) (build 11.0.11+9-b60-7590822)
# Java VM: OpenJDK 64-Bit Server VM (11.0.11+9-b60-7590822, mixed mode, tiered, compressed oops, g1 gc, windows-amd64)
Heap:
 garbage-first heap   total 194560K, used 117151K [0x00000000a0000000, 0x0000000100000000)
  region size 1024K, 37 young (37888K), 10 survivors (10240K)
 Metaspace       used 91730K, capacity 94287K, committed 94412K, reserved 1130496K
  class space    used 12061K, capacity 13024K, committed 13056K, reserved 1048576K
GC Heap History (20 events):
Event: 7.490 GC heap before
{Heap before GC invocations=8 (full 0):
 garbage-first heap   total 194560K, used 118232K [0x00000000a0000000, 0x0000000100000000)
  region size 1024K, 97 young (99328K), 11 survivors (11264K)
 Metaspace       used 48472K, capacity 49640K, committed 49792K, reserved 1091584K
  class space    used 6232K, capacity 6680K, committed 6784K, reserved 1048576K
}
Event: 7.502 GC heap after
{Heap after GC invocations=9 (full 0):
 garbage-first heap   total 194560K, used 32840K [0x00000000a0000000, 0x0000000100000000)
  region size 1024K, 11 young (11264K), 11 survivors (11264K)
 Metaspace       used 48472K, capacity 49640K, committed 49792K, reserved 1091584K
  class space    used 6232K, capacity 6680K, committed 6784K, reserved 1048576K
}
Event: 8.982 GC heap before
{Heap before GC invocations=9 (full 0):
 garbage-first heap   total 194560K, used 132168K [0x00000000a0000000, 0x0000000100000000)
  region size 1024K, 101 young (103424K), 11 survivors (11264K)
 Metaspace       used 54876K, capacity 56429K, committed 56576K, reserved 1097728K
  class space    used 7062K, capacity 7636K, committed 7680K, reserved 1048576K
}
Event: 8.993 GC heap after
{Heap after GC invocations=10 (full 0):
 garbage-first heap   total 194560K, used 50107K [0x00000000a0000000, 0x0000000100000000)
  region size 1024K, 13 young (13312K), 13 survivors (13312K)
 Metaspace       used 54876K, capacity 56429K, committed 56576K, reserved 1097728K
  class space    used 7062K, capacity 7636K, committed 7680K, reserved 1048576K
}
Event: 9.510 GC heap before
{Heap before GC invocations=10 (full 0):
 garbage-first heap   total 194560K, used 79803K [0x00000000a0000000, 0x0000000100000000)
  region size 1024K, 43 young (44032K), 13 survivors (13312K)
 Metaspace       used 58638K, capacity 60191K, committed 60288K, reserved 1101824K
  class space    used 7478K, capacity 8054K, committed 8064K, reserved 1048576K
}
Event: 9.537 GC heap after
{Heap after GC invocations=11 (full 0):
 garbage-first heap   total 194560K, used 52430K [0x00000000a0000000, 0x0000000100000000)
  region size 1024K, 3 young (3072K), 3 survivors (3072K)
 Metaspace       used 58638K, capacity 60191K, committed 60288K, reserved 1101824K
  class space    used 7478K, capacity 8054K, committed 8064K, reserved 1048576K
}
Event: 10.647 GC heap before
{Heap before GC invocations=12 (full 0):
 garbage-first heap   total 194560K, used 120014K [0x00000000a0000000, 0x0000000100000000)
  region size 1024K, 70 young (71680K), 3 survivors (3072K)
 Metaspace       used 65148K, capacity 66898K, committed 67020K, reserved 1107968K
  class space    used 8305K, capacity 8938K, committed 8960K, reserved 1048576K
}
Event: 10.652 GC heap after
{Heap after GC invocations=13 (full 0):
 garbage-first heap   total 194560K, used 56284K [0x00000000a0000000, 0x0000000100000000)
  region size 1024K, 6 young (6144K), 6 survivors (6144K)
 Metaspace       used 65148K, capacity 66898K, committed 67020K, reserved 1107968K
  class space    used 8305K, capacity 8938K, committed 8960K, reserved 1048576K
}
Event: 11.719 GC heap before
{Heap before GC invocations=13 (full 0):
 garbage-first heap   total 194560K, used 131036K [0x00000000a0000000, 0x0000000100000000)
  region size 1024K, 76 young (77824K), 6 survivors (6144K)
 Metaspace       used 68965K, capacity 70774K, committed 70860K, reserved 1110016K
  class space    used 8748K, capacity 9403K, committed 9472K, reserved 1048576K
}
Event: 11.726 GC heap after
{Heap after GC invocations=14 (full 0):
 garbage-first heap   total 194560K, used 65010K [0x00000000a0000000, 0x0000000100000000)
  region size 1024K, 10 young (10240K), 10 survivors (10240K)
 Metaspace       used 68965K, capacity 70774K, committed 70860K, reserved 1110016K
  class space    used 8748K, capacity 9403K, committed 9472K, reserved 1048576K
}
Event: 12.407 GC heap before
{Heap before GC invocations=14 (full 0):
 garbage-first heap   total 194560K, used 135666K [0x00000000a0000000, 0x0000000100000000)
  region size 1024K, 79 young (80896K), 10 survivors (10240K)
 Metaspace       used 70504K, capacity 72476K, committed 72780K, reserved 1112064K
  class space    used 9025K, capacity 9762K, committed 9856K, reserved 1048576K
}
Event: 12.415 GC heap after
{Heap after GC invocations=15 (full 0):
 garbage-first heap   total 194560K, used 69262K [0x00000000a0000000, 0x0000000100000000)
  region size 1024K, 5 young (5120K), 5 survivors (5120K)
 Metaspace       used 70504K, capacity 72476K, committed 72780K, reserved 1112064K
  class space    used 9025K, capacity 9762K, committed 9856K, reserved 1048576K
}
Event: 13.201 GC heap before
{Heap before GC invocations=15 (full 0):
 garbage-first heap   total 194560K, used 139918K [0x00000000a0000000, 0x0000000100000000)
  region size 1024K, 74 young (75776K), 5 survivors (5120K)
 Metaspace       used 73760K, capacity 75913K, committed 76108K, reserved 1116160K
  class space    used 9490K, capacity 10243K, committed 10368K, reserved 1048576K
}
Event: 13.209 GC heap after
{Heap after GC invocations=16 (full 0):
 garbage-first heap   total 194560K, used 73469K [0x00000000a0000000, 0x0000000100000000)
  region size 1024K, 9 young (9216K), 9 survivors (9216K)
 Metaspace       used 73760K, capacity 75913K, committed 76108K, reserved 1116160K
  class space    used 9490K, capacity 10243K, committed 10368K, reserved 1048576K
}
Event: 14.115 GC heap before
{Heap before GC invocations=16 (full 0):
 garbage-first heap   total 194560K, used 144125K [0x00000000a0000000, 0x0000000100000000)
  region size 1024K, 78 young (79872K), 9 survivors (9216K)
 Metaspace       used 78617K, capacity 80828K, committed 80972K, reserved 1120256K
  class space    used 10299K, capacity 11080K, committed 11136K, reserved 1048576K
}
Event: 14.124 GC heap after
{Heap after GC invocations=17 (full 0):
 garbage-first heap   total 194560K, used 78789K [0x00000000a0000000, 0x0000000100000000)
  region size 1024K, 10 young (10240K), 10 survivors (10240K)
 Metaspace       used 78617K, capacity 80828K, committed 80972K, reserved 1120256K
  class space    used 10299K, capacity 11080K, committed 11136K, reserved 1048576K
}
Event: 14.869 GC heap before
{Heap before GC invocations=17 (full 0):
 garbage-first heap   total 194560K, used 149445K [0x00000000a0000000, 0x0000000100000000)
  region size 1024K, 79 young (80896K), 10 survivors (10240K)
 Metaspace       used 83652K, capacity 86022K, committed 86220K, reserved 1124352K
  class space    used 11049K, capacity 11959K, committed 12032K, reserved 1048576K
}
Event: 14.881 GC heap after
{Heap after GC invocations=18 (full 0):
 garbage-first heap   total 194560K, used 83276K [0x00000000a0000000, 0x0000000100000000)
  region size 1024K, 10 young (10240K), 10 survivors (10240K)
 Metaspace       used 83652K, capacity 86022K, committed 86220K, reserved 1124352K
  class space    used 11049K, capacity 11959K, committed 12032K, reserved 1048576K
}
Event: 15.714 GC heap before
{Heap before GC invocations=18 (full 0):
 garbage-first heap   total 194560K, used 152908K [0x00000000a0000000, 0x0000000100000000)
  region size 1024K, 78 young (79872K), 10 survivors (10240K)
 Metaspace       used 89127K, capacity 91594K, committed 91724K, reserved 1128448K
  class space    used 11704K, capacity 12640K, committed 12672K, reserved 1048576K
}
Event: 15.730 GC heap after
{Heap after GC invocations=19 (full 0):
 garbage-first heap   total 194560K, used 90527K [0x00000000a0000000, 0x0000000100000000)
  region size 1024K, 10 young (10240K), 10 survivors (10240K)
 Metaspace       used 89127K, capacity 91594K, committed 91724K, reserved 1128448K
  class space    used 11704K, capacity 12640K, committed 12672K, reserved 1048576K
}

